<?xml version="1.0" encoding="UTF-8"?>
<testsuite name="com.gradle.tutorial.FizzBuzzProcessorTest" tests="4" skipped="0" failures="0" errors="0" timestamp="2022-05-06T21:16:30" hostname="LAPTOP-B1P1P317" time="0.017">
  <properties/>
  <testcase name="FizzBuzzThreeNumbers()" classname="com.gradle.tutorial.FizzBuzzProcessorTest" time="0.014"/>
  <testcase name="FizzBuzzFiveNumbers()" classname="com.gradle.tutorial.FizzBuzzProcessorTest" time="0.001"/>
  <testcase name="FizzBuzzNormalNumbers()" classname="com.gradle.tutorial.FizzBuzzProcessorTest" time="0.001"/>
  <testcase name="FizzBuzzThreeAndFiveNumbers()" classname="com.gradle.tutorial.FizzBuzzProcessorTest" time="0.0"/>
  <system-out><![CDATA[]]></system-out>
  <system-err><![CDATA[]]></system-err>
</testsuite>
